C:\USERS\BILAL\DOCUMENTS\VISUAL STUDIO 2012\PROJECTS\PRINT-OPEN-PROCESSES-WITH-DLL\PRINT-OPEN-PROCESSES-WITH-DLL\DEBUG\VC110.PDB
C:\USERS\BILAL\DOCUMENTS\VISUAL STUDIO 2012\PROJECTS\PRINT-OPEN-PROCESSES-WITH-DLL\PRINT-OPEN-PROCESSES-WITH-DLL\DEBUG\SOURCE.OBJ
C:\USERS\BILAL\DOCUMENTS\VISUAL STUDIO 2012\PROJECTS\PRINT-OPEN-PROCESSES-WITH-DLL\DEBUG\PRINT-OPEN-PROCESSES-WITH-DLL.ILK
C:\USERS\BILAL\DOCUMENTS\VISUAL STUDIO 2012\PROJECTS\PRINT-OPEN-PROCESSES-WITH-DLL\DEBUG\PRINT-OPEN-PROCESSES-WITH-DLL.EXE
C:\USERS\BILAL\DOCUMENTS\VISUAL STUDIO 2012\PROJECTS\PRINT-OPEN-PROCESSES-WITH-DLL\DEBUG\PRINT-OPEN-PROCESSES-WITH-DLL.PDB
C:\Users\Bilal\Documents\Visual Studio 2012\Projects\Print-Open-Processes-with-dll\Print-Open-Processes-with-dll\Debug\Source.obj
C:\Users\Bilal\Documents\Visual Studio 2012\Projects\Print-Open-Processes-with-dll\Print-Open-Processes-with-dll\Debug\cl.command.1.tlog
C:\Users\Bilal\Documents\Visual Studio 2012\Projects\Print-Open-Processes-with-dll\Print-Open-Processes-with-dll\Debug\CL.read.1.tlog
C:\Users\Bilal\Documents\Visual Studio 2012\Projects\Print-Open-Processes-with-dll\Print-Open-Processes-with-dll\Debug\CL.write.1.tlog
C:\Users\Bilal\Documents\Visual Studio 2012\Projects\Print-Open-Processes-with-dll\Print-Open-Processes-with-dll\Debug\link-cvtres.read.1.tlog
C:\Users\Bilal\Documents\Visual Studio 2012\Projects\Print-Open-Processes-with-dll\Print-Open-Processes-with-dll\Debug\link-cvtres.write.1.tlog
C:\Users\Bilal\Documents\Visual Studio 2012\Projects\Print-Open-Processes-with-dll\Print-Open-Processes-with-dll\Debug\link-rc.read.1.tlog
C:\Users\Bilal\Documents\Visual Studio 2012\Projects\Print-Open-Processes-with-dll\Print-Open-Processes-with-dll\Debug\link-rc.write.1.tlog
C:\Users\Bilal\Documents\Visual Studio 2012\Projects\Print-Open-Processes-with-dll\Print-Open-Processes-with-dll\Debug\link.command.1.tlog
C:\Users\Bilal\Documents\Visual Studio 2012\Projects\Print-Open-Processes-with-dll\Print-Open-Processes-with-dll\Debug\link.read.1.tlog
C:\Users\Bilal\Documents\Visual Studio 2012\Projects\Print-Open-Processes-with-dll\Print-Open-Processes-with-dll\Debug\link.write.1.tlog
C:\Users\Bilal\Documents\Visual Studio 2012\Projects\Print-Open-Processes-with-dll\Print-Open-Processes-with-dll\Debug\vc110.idb
C:\Users\Bilal\Documents\Visual Studio 2012\Projects\Print-Open-Processes-with-dll\Print-Open-Processes-with-dll\Debug\vc110.pdb
C:\Users\Bilal\Documents\Visual Studio 2012\Projects\Print-Open-Processes-with-dll\Debug\Print-Open-Processes-with-dll.pdb
C:\Users\Bilal\Documents\Visual Studio 2012\Projects\Print-Open-Processes-with-dll\Debug\Print-Open-Processes-with-dll.exe
C:\Users\Bilal\Documents\Visual Studio 2012\Projects\Print-Open-Processes-with-dll\Debug\Print-Open-Processes-with-dll.ilk
